{"/Users/franklinakpu/Documents/react-native/LanguageLearning/App.tsx": {"path":"/Users/franklinakpu/Documents/react-native/LanguageLearning/App.tsx","statementMap":{"0":{"start":{"line":27,"column":0},"end":{"line":27,"column":22}},"1":{"start":{"line":31,"column":1},"end":{"line":31,"column":29}},"2":{"start":{"line":32,"column":1},"end":{"line":32,"column":28}},"3":{"start":{"line":33,"column":1},"end":{"line":33,"column":27}},"4":{"start":{"line":34,"column":1},"end":{"line":34,"column":42}},"5":{"start":{"line":43,"column":22},"end":{"line":54,"column":2}},"6":{"start":{"line":48,"column":3},"end":{"line":53,"column":5}}},"fnMap":{"0":{"name":"(anonymous_0)","decl":{"start":{"line":43,"column":22},"end":{"line":43,"column":23}},"loc":{"start":{"line":44,"column":1},"end":{"line":54,"column":2}},"line":44}},"branchMap":{},"s":{"0":1,"1":1,"2":1,"3":1,"4":1,"5":1,"6":1},"f":{"0":1},"b":{},"_coverageSchema":"1a1c01bbd47fc00a2c39e90264f33305004495a9","hash":"487d2017873d0ead4b9a9ce5927f672dd1a30e3c"}
,"/Users/franklinakpu/Documents/react-native/LanguageLearning/fileMock.js": {"path":"/Users/franklinakpu/Documents/react-native/LanguageLearning/fileMock.js","statementMap":{},"fnMap":{},"branchMap":{},"s":{},"f":{},"b":{},"_coverageSchema":"1a1c01bbd47fc00a2c39e90264f33305004495a9","hash":"9f785f8cd25d3047e9551e286255f0efd58352db"}
,"/Users/franklinakpu/Documents/react-native/LanguageLearning/src/Navigation.tsx": {"path":"/Users/franklinakpu/Documents/react-native/LanguageLearning/src/Navigation.tsx","statementMap":{"0":{"start":{"line":14,"column":18},"end":{"line":14,"column":40}},"1":{"start":{"line":16,"column":46},"end":{"line":36,"column":1}},"2":{"start":{"line":18,"column":4},"end":{"line":35,"column":5}}},"fnMap":{"0":{"name":"(anonymous_0)","decl":{"start":{"line":16,"column":46},"end":{"line":16,"column":47}},"loc":{"start":{"line":17,"column":0},"end":{"line":36,"column":1}},"line":17}},"branchMap":{},"s":{"0":2,"1":2,"2":1},"f":{"0":1},"b":{},"_coverageSchema":"1a1c01bbd47fc00a2c39e90264f33305004495a9","hash":"3dcca03a60a2938d924ddf04e2e0839d4c8ac90d"}
,"/Users/franklinakpu/Documents/react-native/LanguageLearning/src/components/OptionsButton.tsx": {"path":"/Users/franklinakpu/Documents/react-native/LanguageLearning/src/components/OptionsButton.tsx","statementMap":{"0":{"start":{"line":7,"column":50},"end":{"line":24,"column":1}},"1":{"start":{"line":12,"column":1},"end":{"line":22,"column":2}},"2":{"start":{"line":27,"column":30},"end":{"line":42,"column":4}}},"fnMap":{"0":{"name":"(anonymous_0)","decl":{"start":{"line":7,"column":50},"end":{"line":7,"column":51}},"loc":{"start":{"line":11,"column":0},"end":{"line":24,"column":1}},"line":11}},"branchMap":{},"s":{"0":3,"1":108,"2":3},"f":{"0":108},"b":{},"_coverageSchema":"1a1c01bbd47fc00a2c39e90264f33305004495a9","hash":"247087eb270a7a59e944b096f036a194a875cbc7"}
,"/Users/franklinakpu/Documents/react-native/LanguageLearning/src/components/SubmitButton.tsx": {"path":"/Users/franklinakpu/Documents/react-native/LanguageLearning/src/components/SubmitButton.tsx","statementMap":{"0":{"start":{"line":8,"column":48},"end":{"line":30,"column":1}},"1":{"start":{"line":20,"column":1},"end":{"line":29,"column":2}},"2":{"start":{"line":33,"column":30},"end":{"line":42,"column":2}}},"fnMap":{"0":{"name":"(anonymous_0)","decl":{"start":{"line":8,"column":48},"end":{"line":8,"column":49}},"loc":{"start":{"line":19,"column":0},"end":{"line":30,"column":1}},"line":19}},"branchMap":{},"s":{"0":3,"1":59,"2":3},"f":{"0":59},"b":{},"_coverageSchema":"1a1c01bbd47fc00a2c39e90264f33305004495a9","hash":"1a0eef474c7d6ee3cd06b3ec3d0ac1dfc32d0359"}
,"/Users/franklinakpu/Documents/react-native/LanguageLearning/src/config/appCreateData.ts": {"path":"/Users/franklinakpu/Documents/react-native/LanguageLearning/src/config/appCreateData.ts","statementMap":{"0":{"start":{"line":4,"column":47},"end":{"line":63,"column":3}}},"fnMap":{},"branchMap":{},"s":{"0":1},"f":{},"b":{},"_coverageSchema":"1a1c01bbd47fc00a2c39e90264f33305004495a9","hash":"cdc7fc1b19b611d35172afd0fd49b95da4fa624a"}
,"/Users/franklinakpu/Documents/react-native/LanguageLearning/src/config/firebase.ts": {"path":"/Users/franklinakpu/Documents/react-native/LanguageLearning/src/config/firebase.ts","statementMap":{"0":{"start":{"line":31,"column":39},"end":{"line":39,"column":1}},"1":{"start":{"line":43,"column":34},"end":{"line":43,"column":63}},"2":{"start":{"line":44,"column":21},"end":{"line":44,"column":35}}},"fnMap":{},"branchMap":{},"s":{"0":3,"1":3,"2":3},"f":{},"b":{},"_coverageSchema":"1a1c01bbd47fc00a2c39e90264f33305004495a9","hash":"0376b45833fcd658caed333c496b98895a6c41f7"}
,"/Users/franklinakpu/Documents/react-native/LanguageLearning/src/helpers/validationHelpers.ts": {"path":"/Users/franklinakpu/Documents/react-native/LanguageLearning/src/helpers/validationHelpers.ts","statementMap":{"0":{"start":{"line":1,"column":30},"end":{"line":18,"column":4}},"1":{"start":{"line":3,"column":4},"end":{"line":13,"column":5}},"2":{"start":{"line":9,"column":5},"end":{"line":12,"column":6}},"3":{"start":{"line":11,"column":8},"end":{"line":11,"column":20}},"4":{"start":{"line":17,"column":5},"end":{"line":17,"column":18}}},"fnMap":{"0":{"name":"(anonymous_0)","decl":{"start":{"line":1,"column":30},"end":{"line":1,"column":31}},"loc":{"start":{"line":2,"column":3},"end":{"line":18,"column":4}},"line":2}},"branchMap":{"0":{"loc":{"start":{"line":9,"column":5},"end":{"line":12,"column":6}},"type":"if","locations":[{"start":{"line":9,"column":5},"end":{"line":12,"column":6}},{"start":{},"end":{}}],"line":9}},"s":{"0":1,"1":2,"2":3,"3":1,"4":1},"f":{"0":2},"b":{"0":[1,2]},"_coverageSchema":"1a1c01bbd47fc00a2c39e90264f33305004495a9","hash":"c5f612a10e6e23dc5832532037462a48b4f1fc65"}
,"/Users/franklinakpu/Documents/react-native/LanguageLearning/src/screens/Quiz/Options.tsx": {"path":"/Users/franklinakpu/Documents/react-native/LanguageLearning/src/screens/Quiz/Options.tsx","statementMap":{"0":{"start":{"line":11,"column":39},"end":{"line":82,"column":1}},"1":{"start":{"line":23,"column":4},"end":{"line":81,"column":5}},"2":{"start":{"line":57,"column":16},"end":{"line":70,"column":18}},"3":{"start":{"line":68,"column":31},"end":{"line":68,"column":73}}},"fnMap":{"0":{"name":"(anonymous_0)","decl":{"start":{"line":11,"column":39},"end":{"line":11,"column":40}},"loc":{"start":{"line":21,"column":0},"end":{"line":82,"column":1}},"line":21},"1":{"name":"(anonymous_1)","decl":{"start":{"line":56,"column":40},"end":{"line":56,"column":41}},"loc":{"start":{"line":57,"column":16},"end":{"line":70,"column":18}},"line":57},"2":{"name":"(anonymous_2)","decl":{"start":{"line":68,"column":25},"end":{"line":68,"column":26}},"loc":{"start":{"line":68,"column":31},"end":{"line":68,"column":73}},"line":68}},"branchMap":{"0":{"loc":{"start":{"line":26,"column":9},"end":{"line":76,"column":14}},"type":"cond-expr","locations":[{"start":{"line":27,"column":9},"end":{"line":50,"column":13}},{"start":{"line":53,"column":7},"end":{"line":76,"column":14}}],"line":26},"1":{"loc":{"start":{"line":26,"column":9},"end":{"line":26,"column":54}},"type":"binary-expr","locations":[{"start":{"line":26,"column":9},"end":{"line":26,"column":33}},{"start":{"line":26,"column":37},"end":{"line":26,"column":54}}],"line":26},"2":{"loc":{"start":{"line":57,"column":16},"end":{"line":70,"column":18}},"type":"cond-expr","locations":[{"start":{"line":58,"column":16},"end":{"line":60,"column":69}},{"start":{"line":62,"column":16},"end":{"line":70,"column":18}}],"line":57},"3":{"loc":{"start":{"line":57,"column":16},"end":{"line":57,"column":68}},"type":"binary-expr","locations":[{"start":{"line":57,"column":16},"end":{"line":57,"column":33}},{"start":{"line":57,"column":37},"end":{"line":57,"column":68}}],"line":57},"4":{"loc":{"start":{"line":65,"column":33},"end":{"line":65,"column":80}},"type":"cond-expr","locations":[{"start":{"line":65,"column":57},"end":{"line":65,"column":63}},{"start":{"line":65,"column":64},"end":{"line":65,"column":80}}],"line":65}},"s":{"0":3,"1":59,"2":108,"3":6},"f":{"0":59,"1":108,"2":6},"b":{"0":[24,35],"1":[59,24],"2":[11,97],"3":[108,44],"4":[15,82]},"_coverageSchema":"1a1c01bbd47fc00a2c39e90264f33305004495a9","hash":"34185db2546dc0d32271bb4eccfa1602230082a6"}
,"/Users/franklinakpu/Documents/react-native/LanguageLearning/src/screens/Quiz/Question.tsx": {"path":"/Users/franklinakpu/Documents/react-native/LanguageLearning/src/screens/Quiz/Question.tsx","statementMap":{"0":{"start":{"line":12,"column":41},"end":{"line":69,"column":1}},"1":{"start":{"line":23,"column":2},"end":{"line":68,"column":3}},"2":{"start":{"line":40,"column":10},"end":{"line":60,"column":29}},"3":{"start":{"line":49,"column":25},"end":{"line":49,"column":39}}},"fnMap":{"0":{"name":"(anonymous_0)","decl":{"start":{"line":12,"column":41},"end":{"line":12,"column":42}},"loc":{"start":{"line":21,"column":0},"end":{"line":69,"column":1}},"line":21},"1":{"name":"(anonymous_1)","decl":{"start":{"line":39,"column":43},"end":{"line":39,"column":44}},"loc":{"start":{"line":40,"column":10},"end":{"line":60,"column":29}},"line":40},"2":{"name":"(anonymous_2)","decl":{"start":{"line":49,"column":19},"end":{"line":49,"column":20}},"loc":{"start":{"line":49,"column":25},"end":{"line":49,"column":39}},"line":49}},"branchMap":{"0":{"loc":{"start":{"line":27,"column":4},"end":{"line":62,"column":8}},"type":"cond-expr","locations":[{"start":{"line":29,"column":5},"end":{"line":35,"column":11}},{"start":{"line":39,"column":5},"end":{"line":62,"column":8}}],"line":27},"1":{"loc":{"start":{"line":27,"column":4},"end":{"line":27,"column":49}},"type":"binary-expr","locations":[{"start":{"line":27,"column":4},"end":{"line":27,"column":28}},{"start":{"line":27,"column":32},"end":{"line":27,"column":49}}],"line":27},"2":{"loc":{"start":{"line":40,"column":10},"end":{"line":60,"column":29}},"type":"cond-expr","locations":[{"start":{"line":41,"column":10},"end":{"line":53,"column":17}},{"start":{"line":55,"column":9},"end":{"line":60,"column":29}}],"line":40},"3":{"loc":{"start":{"line":41,"column":10},"end":{"line":53,"column":17}},"type":"cond-expr","locations":[{"start":{"line":42,"column":10},"end":{"line":42,"column":65}},{"start":{"line":44,"column":10},"end":{"line":53,"column":17}}],"line":41}},"s":{"0":3,"1":59,"2":108,"3":1},"f":{"0":59,"1":108,"2":1},"b":{"0":[24,35],"1":[59,24],"2":[27,81],"3":[16,11]},"_coverageSchema":"1a1c01bbd47fc00a2c39e90264f33305004495a9","hash":"5cb786226ac4f36e86efc00717754c318fae30da"}
,"/Users/franklinakpu/Documents/react-native/LanguageLearning/src/screens/Quiz/Quiz.tsx": {"path":"/Users/franklinakpu/Documents/react-native/LanguageLearning/src/screens/Quiz/Quiz.tsx","statementMap":{"0":{"start":{"line":18,"column":26},"end":{"line":299,"column":1}},"1":{"start":{"line":22,"column":41},"end":{"line":22,"column":73}},"2":{"start":{"line":23,"column":41},"end":{"line":23,"column":57}},"3":{"start":{"line":24,"column":35},"end":{"line":24,"column":54}},"4":{"start":{"line":25,"column":41},"end":{"line":25,"column":65}},"5":{"start":{"line":26,"column":55},"end":{"line":26,"column":75}},"6":{"start":{"line":27,"column":67},"end":{"line":27,"column":91}},"7":{"start":{"line":28,"column":48},"end":{"line":28,"column":71}},"8":{"start":{"line":29,"column":57},"end":{"line":29,"column":91}},"9":{"start":{"line":30,"column":55},"end":{"line":30,"column":82}},"10":{"start":{"line":31,"column":65},"end":{"line":31,"column":89}},"11":{"start":{"line":32,"column":45},"end":{"line":32,"column":65}},"12":{"start":{"line":33,"column":31},"end":{"line":33,"column":36}},"13":{"start":{"line":36,"column":25},"end":{"line":41,"column":5}},"14":{"start":{"line":38,"column":6},"end":{"line":38,"column":32}},"15":{"start":{"line":39,"column":22},"end":{"line":39,"column":115}},"16":{"start":{"line":40,"column":4},"end":{"line":40,"column":23}},"17":{"start":{"line":44,"column":20},"end":{"line":50,"column":5}},"18":{"start":{"line":46,"column":33},"end":{"line":46,"column":72}},"19":{"start":{"line":47,"column":4},"end":{"line":47,"column":39}},"20":{"start":{"line":48,"column":6},"end":{"line":48,"column":47}},"21":{"start":{"line":49,"column":4},"end":{"line":49,"column":55}},"22":{"start":{"line":52,"column":24},"end":{"line":75,"column":5}},"23":{"start":{"line":54,"column":23},"end":{"line":54,"column":34}},"24":{"start":{"line":55,"column":8},"end":{"line":55,"column":34}},"25":{"start":{"line":56,"column":8},"end":{"line":56,"column":48}},"26":{"start":{"line":57,"column":26},"end":{"line":58,"column":76}},"27":{"start":{"line":59,"column":9},"end":{"line":63,"column":10}},"28":{"start":{"line":61,"column":11},"end":{"line":61,"column":36}},"29":{"start":{"line":62,"column":10},"end":{"line":62,"column":100}},"30":{"start":{"line":64,"column":9},"end":{"line":64,"column":34}},"31":{"start":{"line":65,"column":8},"end":{"line":65,"column":27}},"32":{"start":{"line":78,"column":37},"end":{"line":84,"column":5}},"33":{"start":{"line":80,"column":6},"end":{"line":82,"column":9}},"34":{"start":{"line":81,"column":10},"end":{"line":81,"column":60}},"35":{"start":{"line":81,"column":30},"end":{"line":81,"column":60}},"36":{"start":{"line":87,"column":35},"end":{"line":97,"column":5}},"37":{"start":{"line":89,"column":8},"end":{"line":89,"column":42}},"38":{"start":{"line":90,"column":8},"end":{"line":90,"column":30}},"39":{"start":{"line":91,"column":8},"end":{"line":91,"column":34}},"40":{"start":{"line":92,"column":8},"end":{"line":92,"column":43}},"41":{"start":{"line":93,"column":8},"end":{"line":93,"column":34}},"42":{"start":{"line":94,"column":8},"end":{"line":94,"column":40}},"43":{"start":{"line":95,"column":8},"end":{"line":95,"column":41}},"44":{"start":{"line":100,"column":3},"end":{"line":107,"column":10}},"45":{"start":{"line":102,"column":4},"end":{"line":102,"column":19}},"46":{"start":{"line":104,"column":5},"end":{"line":106,"column":6}},"47":{"start":{"line":114,"column":24},"end":{"line":122,"column":2}},"48":{"start":{"line":116,"column":5},"end":{"line":116,"column":26}},"49":{"start":{"line":117,"column":5},"end":{"line":117,"column":35}},"50":{"start":{"line":118,"column":5},"end":{"line":118,"column":44}},"51":{"start":{"line":119,"column":5},"end":{"line":119,"column":32}},"52":{"start":{"line":120,"column":5},"end":{"line":120,"column":37}},"53":{"start":{"line":124,"column":22},"end":{"line":130,"column":2}},"54":{"start":{"line":126,"column":5},"end":{"line":126,"column":27}},"55":{"start":{"line":127,"column":5},"end":{"line":127,"column":31}},"56":{"start":{"line":128,"column":5},"end":{"line":128,"column":40}},"57":{"start":{"line":129,"column":5},"end":{"line":129,"column":31}},"58":{"start":{"line":132,"column":24},"end":{"line":147,"column":2}},"59":{"start":{"line":134,"column":5},"end":{"line":134,"column":38}},"60":{"start":{"line":136,"column":5},"end":{"line":144,"column":6}},"61":{"start":{"line":138,"column":8},"end":{"line":138,"column":52}},"62":{"start":{"line":139,"column":8},"end":{"line":139,"column":41}},"63":{"start":{"line":142,"column":8},"end":{"line":142,"column":51}},"64":{"start":{"line":143,"column":8},"end":{"line":143,"column":39}},"65":{"start":{"line":150,"column":26},"end":{"line":153,"column":2}},"66":{"start":{"line":152,"column":4},"end":{"line":152,"column":24}},"67":{"start":{"line":158,"column":3},"end":{"line":298,"column":5}},"68":{"start":{"line":182,"column":24},"end":{"line":182,"column":38}}},"fnMap":{"0":{"name":"(anonymous_0)","decl":{"start":{"line":18,"column":26},"end":{"line":18,"column":27}},"loc":{"start":{"line":19,"column":0},"end":{"line":299,"column":1}},"line":19},"1":{"name":"(anonymous_1)","decl":{"start":{"line":36,"column":25},"end":{"line":36,"column":26}},"loc":{"start":{"line":37,"column":4},"end":{"line":41,"column":5}},"line":37},"2":{"name":"(anonymous_2)","decl":{"start":{"line":44,"column":20},"end":{"line":44,"column":21}},"loc":{"start":{"line":45,"column":4},"end":{"line":50,"column":5}},"line":45},"3":{"name":"(anonymous_3)","decl":{"start":{"line":52,"column":24},"end":{"line":52,"column":25}},"loc":{"start":{"line":53,"column":4},"end":{"line":75,"column":5}},"line":53},"4":{"name":"(anonymous_4)","decl":{"start":{"line":78,"column":37},"end":{"line":78,"column":38}},"loc":{"start":{"line":79,"column":4},"end":{"line":84,"column":5}},"line":79},"5":{"name":"(anonymous_5)","decl":{"start":{"line":80,"column":23},"end":{"line":80,"column":24}},"loc":{"start":{"line":80,"column":56},"end":{"line":82,"column":7}},"line":80},"6":{"name":"(anonymous_6)","decl":{"start":{"line":87,"column":35},"end":{"line":87,"column":36}},"loc":{"start":{"line":88,"column":4},"end":{"line":97,"column":5}},"line":88},"7":{"name":"(anonymous_7)","decl":{"start":{"line":100,"column":13},"end":{"line":100,"column":14}},"loc":{"start":{"line":100,"column":19},"end":{"line":107,"column":4}},"line":100},"8":{"name":"(anonymous_8)","decl":{"start":{"line":104,"column":12},"end":{"line":104,"column":13}},"loc":{"start":{"line":104,"column":18},"end":{"line":106,"column":6}},"line":104},"9":{"name":"(anonymous_9)","decl":{"start":{"line":114,"column":24},"end":{"line":114,"column":25}},"loc":{"start":{"line":115,"column":1},"end":{"line":122,"column":2}},"line":115},"10":{"name":"(anonymous_10)","decl":{"start":{"line":124,"column":22},"end":{"line":124,"column":23}},"loc":{"start":{"line":125,"column":1},"end":{"line":130,"column":2}},"line":125},"11":{"name":"(anonymous_11)","decl":{"start":{"line":132,"column":24},"end":{"line":132,"column":25}},"loc":{"start":{"line":133,"column":1},"end":{"line":147,"column":2}},"line":133},"12":{"name":"(anonymous_12)","decl":{"start":{"line":150,"column":26},"end":{"line":150,"column":27}},"loc":{"start":{"line":151,"column":1},"end":{"line":153,"column":2}},"line":151},"13":{"name":"(anonymous_13)","decl":{"start":{"line":182,"column":20},"end":{"line":182,"column":21}},"loc":{"start":{"line":182,"column":24},"end":{"line":182,"column":38}},"line":182}},"branchMap":{"0":{"loc":{"start":{"line":59,"column":9},"end":{"line":63,"column":10}},"type":"if","locations":[{"start":{"line":59,"column":9},"end":{"line":63,"column":10}},{"start":{},"end":{}}],"line":59},"1":{"loc":{"start":{"line":81,"column":10},"end":{"line":81,"column":60}},"type":"if","locations":[{"start":{"line":81,"column":10},"end":{"line":81,"column":60}},{"start":{},"end":{}}],"line":81},"2":{"loc":{"start":{"line":136,"column":5},"end":{"line":144,"column":6}},"type":"if","locations":[{"start":{"line":136,"column":5},"end":{"line":144,"column":6}},{"start":{"line":141,"column":5},"end":{"line":144,"column":6}}],"line":136},"3":{"loc":{"start":{"line":204,"column":18},"end":{"line":224,"column":19}},"type":"binary-expr","locations":[{"start":{"line":204,"column":18},"end":{"line":204,"column":48}},{"start":{"line":205,"column":19},"end":{"line":224,"column":19}}],"line":204},"4":{"loc":{"start":{"line":207,"column":23},"end":{"line":210,"column":49}},"type":"cond-expr","locations":[{"start":{"line":208,"column":23},"end":{"line":208,"column":47}},{"start":{"line":210,"column":23},"end":{"line":210,"column":49}}],"line":207},"5":{"loc":{"start":{"line":213,"column":24},"end":{"line":216,"column":38}},"type":"cond-expr","locations":[{"start":{"line":214,"column":24},"end":{"line":214,"column":34}},{"start":{"line":216,"column":24},"end":{"line":216,"column":38}}],"line":213},"6":{"loc":{"start":{"line":237,"column":10},"end":{"line":291,"column":13}},"type":"cond-expr","locations":[{"start":{"line":238,"column":10},"end":{"line":262,"column":16}},{"start":{"line":264,"column":9},"end":{"line":291,"column":13}}],"line":237},"7":{"loc":{"start":{"line":264,"column":9},"end":{"line":291,"column":13}},"type":"cond-expr","locations":[{"start":{"line":265,"column":9},"end":{"line":289,"column":16}},{"start":{"line":291,"column":9},"end":{"line":291,"column":13}}],"line":264}},"s":{"0":3,"1":62,"2":61,"3":61,"4":61,"5":61,"6":61,"7":61,"8":61,"9":61,"10":61,"11":61,"12":61,"13":61,"14":8,"15":8,"16":7,"17":61,"18":8,"19":8,"20":8,"21":8,"22":61,"23":2,"24":2,"25":2,"26":2,"27":2,"28":1,"29":1,"30":1,"31":1,"32":61,"33":8,"34":32,"35":8,"36":61,"37":1,"38":1,"39":1,"40":1,"41":1,"42":1,"43":1,"44":61,"45":8,"46":8,"47":61,"48":6,"49":6,"50":6,"51":6,"52":6,"53":61,"54":1,"55":1,"56":1,"57":1,"58":61,"59":4,"60":4,"61":3,"62":3,"63":1,"64":1,"65":61,"66":2,"67":61,"68":1},"f":{"0":62,"1":8,"2":8,"3":2,"4":8,"5":32,"6":1,"7":8,"8":8,"9":6,"10":1,"11":4,"12":2,"13":1},"b":{"0":[1,1],"1":[8,24],"2":[3,1],"3":[61,48],"4":[42,6],"5":[42,6],"6":[12,49],"7":[1,48]},"_coverageSchema":"1a1c01bbd47fc00a2c39e90264f33305004495a9","hash":"0ede3956ad8ae7422b6cec44c8816d61a898fea3"}
,"/Users/franklinakpu/Documents/react-native/LanguageLearning/src/screens/Quiz/TranslatedQuestion.tsx": {"path":"/Users/franklinakpu/Documents/react-native/LanguageLearning/src/screens/Quiz/TranslatedQuestion.tsx","statementMap":{"0":{"start":{"line":8,"column":61},"end":{"line":40,"column":1}},"1":{"start":{"line":12,"column":3},"end":{"line":39,"column":5}},"2":{"start":{"line":29,"column":13},"end":{"line":30,"column":48}}},"fnMap":{"0":{"name":"(anonymous_0)","decl":{"start":{"line":8,"column":61},"end":{"line":8,"column":62}},"loc":{"start":{"line":11,"column":0},"end":{"line":40,"column":1}},"line":11},"1":{"name":"(anonymous_1)","decl":{"start":{"line":28,"column":48},"end":{"line":28,"column":49}},"loc":{"start":{"line":29,"column":13},"end":{"line":30,"column":48}},"line":29}},"branchMap":{"0":{"loc":{"start":{"line":16,"column":10},"end":{"line":34,"column":15}},"type":"cond-expr","locations":[{"start":{"line":18,"column":9},"end":{"line":24,"column":15}},{"start":{"line":26,"column":8},"end":{"line":34,"column":15}}],"line":16},"1":{"loc":{"start":{"line":16,"column":10},"end":{"line":16,"column":80}},"type":"binary-expr","locations":[{"start":{"line":16,"column":10},"end":{"line":16,"column":34}},{"start":{"line":16,"column":38},"end":{"line":16,"column":56}},{"start":{"line":16,"column":60},"end":{"line":16,"column":80}}],"line":16},"2":{"loc":{"start":{"line":29,"column":13},"end":{"line":30,"column":48}},"type":"cond-expr","locations":[{"start":{"line":29,"column":56},"end":{"line":29,"column":123}},{"start":{"line":30,"column":15},"end":{"line":30,"column":48}}],"line":29}},"s":{"0":3,"1":59,"2":108},"f":{"0":59,"1":108},"b":{"0":[24,35],"1":[59,24,24],"2":[27,81]},"_coverageSchema":"1a1c01bbd47fc00a2c39e90264f33305004495a9","hash":"182c65523fbf913975e4e66a35311ba9cdc1541a"}
,"/Users/franklinakpu/Documents/react-native/LanguageLearning/src/screens/Quiz/index.ts": {"path":"/Users/franklinakpu/Documents/react-native/LanguageLearning/src/screens/Quiz/index.ts","statementMap":{},"fnMap":{},"branchMap":{},"s":{},"f":{},"b":{},"_coverageSchema":"1a1c01bbd47fc00a2c39e90264f33305004495a9","hash":"c172c05fd8a366a599763eaaca9a1a1a464a0229"}
,"/Users/franklinakpu/Documents/react-native/LanguageLearning/src/screens/Quiz/styles.tsx": {"path":"/Users/franklinakpu/Documents/react-native/LanguageLearning/src/screens/Quiz/styles.tsx","statementMap":{"0":{"start":{"line":6,"column":30},"end":{"line":73,"column":2}}},"fnMap":{},"branchMap":{},"s":{"0":3},"f":{},"b":{},"_coverageSchema":"1a1c01bbd47fc00a2c39e90264f33305004495a9","hash":"fbe31f33754fe770427b4c5e13a524886b71c93e"}
,"/Users/franklinakpu/Documents/react-native/LanguageLearning/src/theme/colors.ts": {"path":"/Users/franklinakpu/Documents/react-native/LanguageLearning/src/theme/colors.ts","statementMap":{"0":{"start":{"line":1,"column":22},"end":{"line":14,"column":1}}},"fnMap":{},"branchMap":{},"s":{"0":3},"f":{},"b":{},"_coverageSchema":"1a1c01bbd47fc00a2c39e90264f33305004495a9","hash":"b605b509cef541f1dc78194eea6303ec6f813c06"}
}
