{"/Users/franklinakpu/Documents/react-native/LanguageLearning/App.tsx": {"path":"/Users/franklinakpu/Documents/react-native/LanguageLearning/App.tsx","statementMap":{"0":{"start":{"line":29,"column":0},"end":{"line":29,"column":22}},"1":{"start":{"line":33,"column":1},"end":{"line":33,"column":29}},"2":{"start":{"line":34,"column":1},"end":{"line":34,"column":28}},"3":{"start":{"line":35,"column":1},"end":{"line":35,"column":27}},"4":{"start":{"line":36,"column":1},"end":{"line":36,"column":42}},"5":{"start":{"line":45,"column":22},"end":{"line":108,"column":2}},"6":{"start":{"line":50,"column":25},"end":{"line":64,"column":2}},"7":{"start":{"line":52,"column":2},"end":{"line":56,"column":5}},"8":{"start":{"line":59,"column":3},"end":{"line":63,"column":6}},"9":{"start":{"line":69,"column":26},"end":{"line":92,"column":3}},"10":{"start":{"line":72,"column":2},"end":{"line":90,"column":4}},"11":{"start":{"line":73,"column":4},"end":{"line":89,"column":5}},"12":{"start":{"line":96,"column":2},"end":{"line":99,"column":7}},"13":{"start":{"line":102,"column":3},"end":{"line":107,"column":5}}},"fnMap":{"0":{"name":"(anonymous_0)","decl":{"start":{"line":45,"column":22},"end":{"line":45,"column":23}},"loc":{"start":{"line":46,"column":1},"end":{"line":108,"column":2}},"line":46},"1":{"name":"(anonymous_1)","decl":{"start":{"line":50,"column":25},"end":{"line":50,"column":26}},"loc":{"start":{"line":51,"column":1},"end":{"line":64,"column":2}},"line":51},"2":{"name":"(anonymous_2)","decl":{"start":{"line":69,"column":26},"end":{"line":69,"column":27}},"loc":{"start":{"line":70,"column":2},"end":{"line":92,"column":3}},"line":70},"3":{"name":"(anonymous_3)","decl":{"start":{"line":72,"column":17},"end":{"line":72,"column":18}},"loc":{"start":{"line":72,"column":56},"end":{"line":90,"column":3}},"line":72},"4":{"name":"(anonymous_4)","decl":{"start":{"line":96,"column":12},"end":{"line":96,"column":13}},"loc":{"start":{"line":96,"column":16},"end":{"line":99,"column":3}},"line":96}},"branchMap":{},"s":{"0":1,"1":1,"2":1,"3":1,"4":1,"5":1,"6":1,"7":0,"8":0,"9":1,"10":0,"11":0,"12":1,"13":1},"f":{"0":1,"1":0,"2":0,"3":0,"4":0},"b":{},"_coverageSchema":"1a1c01bbd47fc00a2c39e90264f33305004495a9","hash":"1604d6dd55a1d53f3f882a1c71ad0554b6d1a1ea"}
,"/Users/franklinakpu/Documents/react-native/LanguageLearning/fileMock.js": {"path":"/Users/franklinakpu/Documents/react-native/LanguageLearning/fileMock.js","statementMap":{},"fnMap":{},"branchMap":{},"s":{},"f":{},"b":{},"_coverageSchema":"1a1c01bbd47fc00a2c39e90264f33305004495a9","hash":"9f785f8cd25d3047e9551e286255f0efd58352db"}
,"/Users/franklinakpu/Documents/react-native/LanguageLearning/src/Navigation.tsx": {"path":"/Users/franklinakpu/Documents/react-native/LanguageLearning/src/Navigation.tsx","statementMap":{"0":{"start":{"line":14,"column":18},"end":{"line":14,"column":40}},"1":{"start":{"line":16,"column":46},"end":{"line":36,"column":1}},"2":{"start":{"line":18,"column":4},"end":{"line":35,"column":5}}},"fnMap":{"0":{"name":"(anonymous_0)","decl":{"start":{"line":16,"column":46},"end":{"line":16,"column":47}},"loc":{"start":{"line":17,"column":0},"end":{"line":36,"column":1}},"line":17}},"branchMap":{},"s":{"0":2,"1":2,"2":1},"f":{"0":1},"b":{},"_coverageSchema":"1a1c01bbd47fc00a2c39e90264f33305004495a9","hash":"3dcca03a60a2938d924ddf04e2e0839d4c8ac90d"}
,"/Users/franklinakpu/Documents/react-native/LanguageLearning/src/components/OptionsButton.tsx": {"path":"/Users/franklinakpu/Documents/react-native/LanguageLearning/src/components/OptionsButton.tsx","statementMap":{"0":{"start":{"line":7,"column":50},"end":{"line":24,"column":1}},"1":{"start":{"line":12,"column":1},"end":{"line":22,"column":2}},"2":{"start":{"line":27,"column":30},"end":{"line":42,"column":4}}},"fnMap":{"0":{"name":"(anonymous_0)","decl":{"start":{"line":7,"column":50},"end":{"line":7,"column":51}},"loc":{"start":{"line":11,"column":0},"end":{"line":24,"column":1}},"line":11}},"branchMap":{},"s":{"0":3,"1":128,"2":3},"f":{"0":128},"b":{},"_coverageSchema":"1a1c01bbd47fc00a2c39e90264f33305004495a9","hash":"247087eb270a7a59e944b096f036a194a875cbc7"}
,"/Users/franklinakpu/Documents/react-native/LanguageLearning/src/components/SubmitButton.tsx": {"path":"/Users/franklinakpu/Documents/react-native/LanguageLearning/src/components/SubmitButton.tsx","statementMap":{"0":{"start":{"line":8,"column":48},"end":{"line":30,"column":1}},"1":{"start":{"line":20,"column":1},"end":{"line":29,"column":2}},"2":{"start":{"line":33,"column":30},"end":{"line":42,"column":2}}},"fnMap":{"0":{"name":"(anonymous_0)","decl":{"start":{"line":8,"column":48},"end":{"line":8,"column":49}},"loc":{"start":{"line":19,"column":0},"end":{"line":30,"column":1}},"line":19}},"branchMap":{},"s":{"0":3,"1":47,"2":3},"f":{"0":47},"b":{},"_coverageSchema":"1a1c01bbd47fc00a2c39e90264f33305004495a9","hash":"1a0eef474c7d6ee3cd06b3ec3d0ac1dfc32d0359"}
,"/Users/franklinakpu/Documents/react-native/LanguageLearning/src/config/appCreateData.ts": {"path":"/Users/franklinakpu/Documents/react-native/LanguageLearning/src/config/appCreateData.ts","statementMap":{"0":{"start":{"line":4,"column":47},"end":{"line":63,"column":3}}},"fnMap":{},"branchMap":{},"s":{"0":2},"f":{},"b":{},"_coverageSchema":"1a1c01bbd47fc00a2c39e90264f33305004495a9","hash":"cdc7fc1b19b611d35172afd0fd49b95da4fa624a"}
,"/Users/franklinakpu/Documents/react-native/LanguageLearning/src/config/firebase.ts": {"path":"/Users/franklinakpu/Documents/react-native/LanguageLearning/src/config/firebase.ts","statementMap":{"0":{"start":{"line":31,"column":39},"end":{"line":39,"column":1}},"1":{"start":{"line":43,"column":34},"end":{"line":43,"column":63}},"2":{"start":{"line":44,"column":21},"end":{"line":44,"column":35}}},"fnMap":{},"branchMap":{},"s":{"0":3,"1":3,"2":3},"f":{},"b":{},"_coverageSchema":"1a1c01bbd47fc00a2c39e90264f33305004495a9","hash":"0376b45833fcd658caed333c496b98895a6c41f7"}
,"/Users/franklinakpu/Documents/react-native/LanguageLearning/src/helpers/validationHelpers.ts": {"path":"/Users/franklinakpu/Documents/react-native/LanguageLearning/src/helpers/validationHelpers.ts","statementMap":{"0":{"start":{"line":1,"column":30},"end":{"line":18,"column":4}},"1":{"start":{"line":3,"column":4},"end":{"line":13,"column":5}},"2":{"start":{"line":9,"column":5},"end":{"line":12,"column":6}},"3":{"start":{"line":11,"column":8},"end":{"line":11,"column":20}},"4":{"start":{"line":17,"column":5},"end":{"line":17,"column":18}}},"fnMap":{"0":{"name":"(anonymous_0)","decl":{"start":{"line":1,"column":30},"end":{"line":1,"column":31}},"loc":{"start":{"line":2,"column":3},"end":{"line":18,"column":4}},"line":2}},"branchMap":{"0":{"loc":{"start":{"line":9,"column":5},"end":{"line":12,"column":6}},"type":"if","locations":[{"start":{"line":9,"column":5},"end":{"line":12,"column":6}},{"start":{},"end":{}}],"line":9}},"s":{"0":1,"1":2,"2":3,"3":1,"4":1},"f":{"0":2},"b":{"0":[1,2]},"_coverageSchema":"1a1c01bbd47fc00a2c39e90264f33305004495a9","hash":"c5f612a10e6e23dc5832532037462a48b4f1fc65"}
,"/Users/franklinakpu/Documents/react-native/LanguageLearning/src/screens/Quiz/Options.tsx": {"path":"/Users/franklinakpu/Documents/react-native/LanguageLearning/src/screens/Quiz/Options.tsx","statementMap":{"0":{"start":{"line":10,"column":39},"end":{"line":47,"column":1}},"1":{"start":{"line":21,"column":4},"end":{"line":46,"column":5}},"2":{"start":{"line":25,"column":16},"end":{"line":38,"column":18}},"3":{"start":{"line":36,"column":31},"end":{"line":36,"column":73}}},"fnMap":{"0":{"name":"(anonymous_0)","decl":{"start":{"line":10,"column":39},"end":{"line":10,"column":40}},"loc":{"start":{"line":20,"column":0},"end":{"line":47,"column":1}},"line":20},"1":{"name":"(anonymous_1)","decl":{"start":{"line":24,"column":58},"end":{"line":24,"column":59}},"loc":{"start":{"line":25,"column":16},"end":{"line":38,"column":18}},"line":25},"2":{"name":"(anonymous_2)","decl":{"start":{"line":36,"column":25},"end":{"line":36,"column":26}},"loc":{"start":{"line":36,"column":31},"end":{"line":36,"column":73}},"line":36}},"branchMap":{"0":{"loc":{"start":{"line":24,"column":10},"end":{"line":40,"column":14}},"type":"binary-expr","locations":[{"start":{"line":24,"column":10},"end":{"line":24,"column":29}},{"start":{"line":24,"column":34},"end":{"line":40,"column":14}}],"line":24},"1":{"loc":{"start":{"line":25,"column":16},"end":{"line":38,"column":18}},"type":"cond-expr","locations":[{"start":{"line":26,"column":16},"end":{"line":28,"column":69}},{"start":{"line":30,"column":16},"end":{"line":38,"column":18}}],"line":25},"2":{"loc":{"start":{"line":25,"column":16},"end":{"line":25,"column":68}},"type":"binary-expr","locations":[{"start":{"line":25,"column":16},"end":{"line":25,"column":33}},{"start":{"line":25,"column":37},"end":{"line":25,"column":68}}],"line":25},"3":{"loc":{"start":{"line":33,"column":33},"end":{"line":33,"column":80}},"type":"cond-expr","locations":[{"start":{"line":33,"column":57},"end":{"line":33,"column":63}},{"start":{"line":33,"column":64},"end":{"line":33,"column":80}}],"line":33}},"s":{"0":3,"1":47,"2":128,"3":6},"f":{"0":47,"1":128,"2":6},"b":{"0":[47,32],"1":[11,117],"2":[128,44],"3":[12,105]},"_coverageSchema":"1a1c01bbd47fc00a2c39e90264f33305004495a9","hash":"18e87f70c94c43f92d8cd04f61ac6654f8dc956b"}
,"/Users/franklinakpu/Documents/react-native/LanguageLearning/src/screens/Quiz/Question.tsx": {"path":"/Users/franklinakpu/Documents/react-native/LanguageLearning/src/screens/Quiz/Question.tsx","statementMap":{"0":{"start":{"line":11,"column":41},"end":{"line":52,"column":1}},"1":{"start":{"line":21,"column":2},"end":{"line":51,"column":3}},"2":{"start":{"line":25,"column":10},"end":{"line":45,"column":29}},"3":{"start":{"line":34,"column":25},"end":{"line":34,"column":39}}},"fnMap":{"0":{"name":"(anonymous_0)","decl":{"start":{"line":11,"column":41},"end":{"line":11,"column":42}},"loc":{"start":{"line":20,"column":0},"end":{"line":52,"column":1}},"line":20},"1":{"name":"(anonymous_1)","decl":{"start":{"line":24,"column":44},"end":{"line":24,"column":45}},"loc":{"start":{"line":25,"column":10},"end":{"line":45,"column":29}},"line":25},"2":{"name":"(anonymous_2)","decl":{"start":{"line":34,"column":19},"end":{"line":34,"column":20}},"loc":{"start":{"line":34,"column":25},"end":{"line":34,"column":39}},"line":34}},"branchMap":{"0":{"loc":{"start":{"line":25,"column":10},"end":{"line":45,"column":29}},"type":"cond-expr","locations":[{"start":{"line":26,"column":10},"end":{"line":38,"column":17}},{"start":{"line":40,"column":9},"end":{"line":45,"column":29}}],"line":25},"1":{"loc":{"start":{"line":26,"column":10},"end":{"line":38,"column":17}},"type":"cond-expr","locations":[{"start":{"line":27,"column":10},"end":{"line":27,"column":65}},{"start":{"line":29,"column":10},"end":{"line":38,"column":17}}],"line":26}},"s":{"0":3,"1":47,"2":128,"3":1},"f":{"0":47,"1":128,"2":1},"b":{"0":[32,96],"1":[21,11]},"_coverageSchema":"1a1c01bbd47fc00a2c39e90264f33305004495a9","hash":"dc89e2559fa2cbc941d8d4bbf636e5a4a6c92c34"}
,"/Users/franklinakpu/Documents/react-native/LanguageLearning/src/screens/Quiz/Quiz.tsx": {"path":"/Users/franklinakpu/Documents/react-native/LanguageLearning/src/screens/Quiz/Quiz.tsx","statementMap":{"0":{"start":{"line":18,"column":26},"end":{"line":299,"column":1}},"1":{"start":{"line":22,"column":41},"end":{"line":22,"column":73}},"2":{"start":{"line":23,"column":41},"end":{"line":23,"column":57}},"3":{"start":{"line":24,"column":35},"end":{"line":24,"column":54}},"4":{"start":{"line":25,"column":41},"end":{"line":25,"column":65}},"5":{"start":{"line":26,"column":55},"end":{"line":26,"column":75}},"6":{"start":{"line":27,"column":67},"end":{"line":27,"column":91}},"7":{"start":{"line":28,"column":48},"end":{"line":28,"column":71}},"8":{"start":{"line":29,"column":57},"end":{"line":29,"column":91}},"9":{"start":{"line":30,"column":55},"end":{"line":30,"column":82}},"10":{"start":{"line":31,"column":65},"end":{"line":31,"column":89}},"11":{"start":{"line":32,"column":45},"end":{"line":32,"column":65}},"12":{"start":{"line":33,"column":31},"end":{"line":33,"column":36}},"13":{"start":{"line":36,"column":25},"end":{"line":40,"column":5}},"14":{"start":{"line":38,"column":22},"end":{"line":38,"column":115}},"15":{"start":{"line":39,"column":4},"end":{"line":39,"column":23}},"16":{"start":{"line":43,"column":20},"end":{"line":49,"column":5}},"17":{"start":{"line":45,"column":33},"end":{"line":45,"column":72}},"18":{"start":{"line":46,"column":4},"end":{"line":46,"column":39}},"19":{"start":{"line":47,"column":6},"end":{"line":47,"column":47}},"20":{"start":{"line":48,"column":4},"end":{"line":48,"column":55}},"21":{"start":{"line":51,"column":24},"end":{"line":72,"column":5}},"22":{"start":{"line":54,"column":8},"end":{"line":54,"column":48}},"23":{"start":{"line":55,"column":26},"end":{"line":56,"column":76}},"24":{"start":{"line":57,"column":9},"end":{"line":60,"column":10}},"25":{"start":{"line":59,"column":10},"end":{"line":59,"column":100}},"26":{"start":{"line":61,"column":9},"end":{"line":61,"column":34}},"27":{"start":{"line":62,"column":8},"end":{"line":62,"column":27}},"28":{"start":{"line":75,"column":37},"end":{"line":81,"column":5}},"29":{"start":{"line":77,"column":6},"end":{"line":79,"column":9}},"30":{"start":{"line":78,"column":10},"end":{"line":78,"column":60}},"31":{"start":{"line":78,"column":30},"end":{"line":78,"column":60}},"32":{"start":{"line":84,"column":35},"end":{"line":94,"column":5}},"33":{"start":{"line":86,"column":8},"end":{"line":86,"column":42}},"34":{"start":{"line":87,"column":8},"end":{"line":87,"column":30}},"35":{"start":{"line":88,"column":8},"end":{"line":88,"column":34}},"36":{"start":{"line":89,"column":8},"end":{"line":89,"column":43}},"37":{"start":{"line":90,"column":8},"end":{"line":90,"column":34}},"38":{"start":{"line":91,"column":8},"end":{"line":91,"column":40}},"39":{"start":{"line":92,"column":8},"end":{"line":92,"column":41}},"40":{"start":{"line":97,"column":3},"end":{"line":104,"column":10}},"41":{"start":{"line":99,"column":4},"end":{"line":99,"column":19}},"42":{"start":{"line":101,"column":5},"end":{"line":103,"column":6}},"43":{"start":{"line":108,"column":3},"end":{"line":111,"column":18}},"44":{"start":{"line":109,"column":3},"end":{"line":109,"column":28}},"45":{"start":{"line":114,"column":24},"end":{"line":122,"column":2}},"46":{"start":{"line":116,"column":5},"end":{"line":116,"column":26}},"47":{"start":{"line":117,"column":5},"end":{"line":117,"column":35}},"48":{"start":{"line":118,"column":5},"end":{"line":118,"column":44}},"49":{"start":{"line":119,"column":5},"end":{"line":119,"column":32}},"50":{"start":{"line":120,"column":5},"end":{"line":120,"column":37}},"51":{"start":{"line":124,"column":22},"end":{"line":130,"column":2}},"52":{"start":{"line":126,"column":5},"end":{"line":126,"column":27}},"53":{"start":{"line":127,"column":5},"end":{"line":127,"column":31}},"54":{"start":{"line":128,"column":5},"end":{"line":128,"column":40}},"55":{"start":{"line":129,"column":5},"end":{"line":129,"column":31}},"56":{"start":{"line":132,"column":24},"end":{"line":147,"column":2}},"57":{"start":{"line":134,"column":5},"end":{"line":134,"column":38}},"58":{"start":{"line":136,"column":5},"end":{"line":144,"column":6}},"59":{"start":{"line":138,"column":8},"end":{"line":138,"column":52}},"60":{"start":{"line":139,"column":8},"end":{"line":139,"column":41}},"61":{"start":{"line":142,"column":8},"end":{"line":142,"column":51}},"62":{"start":{"line":143,"column":8},"end":{"line":143,"column":39}},"63":{"start":{"line":150,"column":26},"end":{"line":153,"column":2}},"64":{"start":{"line":152,"column":4},"end":{"line":152,"column":24}},"65":{"start":{"line":158,"column":3},"end":{"line":298,"column":5}},"66":{"start":{"line":182,"column":24},"end":{"line":182,"column":38}}},"fnMap":{"0":{"name":"(anonymous_0)","decl":{"start":{"line":18,"column":26},"end":{"line":18,"column":27}},"loc":{"start":{"line":19,"column":0},"end":{"line":299,"column":1}},"line":19},"1":{"name":"(anonymous_1)","decl":{"start":{"line":36,"column":25},"end":{"line":36,"column":26}},"loc":{"start":{"line":37,"column":4},"end":{"line":40,"column":5}},"line":37},"2":{"name":"(anonymous_2)","decl":{"start":{"line":43,"column":20},"end":{"line":43,"column":21}},"loc":{"start":{"line":44,"column":4},"end":{"line":49,"column":5}},"line":44},"3":{"name":"(anonymous_3)","decl":{"start":{"line":51,"column":24},"end":{"line":51,"column":25}},"loc":{"start":{"line":52,"column":4},"end":{"line":72,"column":5}},"line":52},"4":{"name":"(anonymous_4)","decl":{"start":{"line":75,"column":37},"end":{"line":75,"column":38}},"loc":{"start":{"line":76,"column":4},"end":{"line":81,"column":5}},"line":76},"5":{"name":"(anonymous_5)","decl":{"start":{"line":77,"column":23},"end":{"line":77,"column":24}},"loc":{"start":{"line":77,"column":56},"end":{"line":79,"column":7}},"line":77},"6":{"name":"(anonymous_6)","decl":{"start":{"line":84,"column":35},"end":{"line":84,"column":36}},"loc":{"start":{"line":85,"column":4},"end":{"line":94,"column":5}},"line":85},"7":{"name":"(anonymous_7)","decl":{"start":{"line":97,"column":13},"end":{"line":97,"column":14}},"loc":{"start":{"line":97,"column":19},"end":{"line":104,"column":4}},"line":97},"8":{"name":"(anonymous_8)","decl":{"start":{"line":101,"column":12},"end":{"line":101,"column":13}},"loc":{"start":{"line":101,"column":18},"end":{"line":103,"column":6}},"line":101},"9":{"name":"(anonymous_9)","decl":{"start":{"line":108,"column":13},"end":{"line":108,"column":14}},"loc":{"start":{"line":108,"column":17},"end":{"line":110,"column":4}},"line":108},"10":{"name":"(anonymous_10)","decl":{"start":{"line":114,"column":24},"end":{"line":114,"column":25}},"loc":{"start":{"line":115,"column":1},"end":{"line":122,"column":2}},"line":115},"11":{"name":"(anonymous_11)","decl":{"start":{"line":124,"column":22},"end":{"line":124,"column":23}},"loc":{"start":{"line":125,"column":1},"end":{"line":130,"column":2}},"line":125},"12":{"name":"(anonymous_12)","decl":{"start":{"line":132,"column":24},"end":{"line":132,"column":25}},"loc":{"start":{"line":133,"column":1},"end":{"line":147,"column":2}},"line":133},"13":{"name":"(anonymous_13)","decl":{"start":{"line":150,"column":26},"end":{"line":150,"column":27}},"loc":{"start":{"line":151,"column":1},"end":{"line":153,"column":2}},"line":151},"14":{"name":"(anonymous_14)","decl":{"start":{"line":182,"column":20},"end":{"line":182,"column":21}},"loc":{"start":{"line":182,"column":24},"end":{"line":182,"column":38}},"line":182}},"branchMap":{"0":{"loc":{"start":{"line":57,"column":9},"end":{"line":60,"column":10}},"type":"if","locations":[{"start":{"line":57,"column":9},"end":{"line":60,"column":10}},{"start":{},"end":{}}],"line":57},"1":{"loc":{"start":{"line":78,"column":10},"end":{"line":78,"column":60}},"type":"if","locations":[{"start":{"line":78,"column":10},"end":{"line":78,"column":60}},{"start":{},"end":{}}],"line":78},"2":{"loc":{"start":{"line":136,"column":5},"end":{"line":144,"column":6}},"type":"if","locations":[{"start":{"line":136,"column":5},"end":{"line":144,"column":6}},{"start":{"line":141,"column":5},"end":{"line":144,"column":6}}],"line":136},"3":{"loc":{"start":{"line":204,"column":18},"end":{"line":224,"column":19}},"type":"binary-expr","locations":[{"start":{"line":204,"column":18},"end":{"line":204,"column":48}},{"start":{"line":205,"column":19},"end":{"line":224,"column":19}}],"line":204},"4":{"loc":{"start":{"line":207,"column":23},"end":{"line":210,"column":49}},"type":"cond-expr","locations":[{"start":{"line":208,"column":23},"end":{"line":208,"column":47}},{"start":{"line":210,"column":23},"end":{"line":210,"column":49}}],"line":207},"5":{"loc":{"start":{"line":213,"column":24},"end":{"line":216,"column":38}},"type":"cond-expr","locations":[{"start":{"line":214,"column":24},"end":{"line":214,"column":34}},{"start":{"line":216,"column":24},"end":{"line":216,"column":38}}],"line":213},"6":{"loc":{"start":{"line":237,"column":10},"end":{"line":291,"column":13}},"type":"cond-expr","locations":[{"start":{"line":238,"column":10},"end":{"line":262,"column":16}},{"start":{"line":264,"column":9},"end":{"line":291,"column":13}}],"line":237},"7":{"loc":{"start":{"line":264,"column":9},"end":{"line":291,"column":13}},"type":"cond-expr","locations":[{"start":{"line":265,"column":9},"end":{"line":289,"column":16}},{"start":{"line":291,"column":9},"end":{"line":291,"column":13}}],"line":264}},"s":{"0":3,"1":49,"2":48,"3":48,"4":48,"5":48,"6":48,"7":48,"8":48,"9":48,"10":48,"11":48,"12":48,"13":48,"14":8,"15":7,"16":48,"17":8,"18":8,"19":8,"20":8,"21":48,"22":2,"23":2,"24":2,"25":1,"26":1,"27":1,"28":48,"29":8,"30":32,"31":8,"32":48,"33":1,"34":1,"35":1,"36":1,"37":1,"38":1,"39":1,"40":48,"41":8,"42":8,"43":48,"44":15,"45":48,"46":6,"47":6,"48":6,"49":6,"50":6,"51":48,"52":1,"53":1,"54":1,"55":1,"56":48,"57":4,"58":4,"59":3,"60":3,"61":1,"62":1,"63":48,"64":2,"65":48,"66":1},"f":{"0":49,"1":8,"2":8,"3":2,"4":8,"5":32,"6":1,"7":8,"8":8,"9":15,"10":6,"11":1,"12":4,"13":2,"14":1},"b":{"0":[1,1],"1":[8,24],"2":[3,1],"3":[48,38],"4":[32,6],"5":[32,6],"6":[9,39],"7":[1,38]},"_coverageSchema":"1a1c01bbd47fc00a2c39e90264f33305004495a9","hash":"a72d4f49d9887842244f07bdfe933ab4fdff3454"}
,"/Users/franklinakpu/Documents/react-native/LanguageLearning/src/screens/Quiz/TranslatedQuestion.tsx": {"path":"/Users/franklinakpu/Documents/react-native/LanguageLearning/src/screens/Quiz/TranslatedQuestion.tsx","statementMap":{"0":{"start":{"line":8,"column":61},"end":{"line":26,"column":1}},"1":{"start":{"line":12,"column":3},"end":{"line":25,"column":5}},"2":{"start":{"line":17,"column":9},"end":{"line":18,"column":44}}},"fnMap":{"0":{"name":"(anonymous_0)","decl":{"start":{"line":8,"column":61},"end":{"line":8,"column":62}},"loc":{"start":{"line":11,"column":0},"end":{"line":26,"column":1}},"line":11},"1":{"name":"(anonymous_1)","decl":{"start":{"line":16,"column":62},"end":{"line":16,"column":63}},"loc":{"start":{"line":17,"column":9},"end":{"line":18,"column":44}},"line":17}},"branchMap":{"0":{"loc":{"start":{"line":16,"column":6},"end":{"line":19,"column":9}},"type":"binary-expr","locations":[{"start":{"line":16,"column":6},"end":{"line":16,"column":23}},{"start":{"line":16,"column":27},"end":{"line":19,"column":9}}],"line":16},"1":{"loc":{"start":{"line":17,"column":9},"end":{"line":18,"column":44}},"type":"cond-expr","locations":[{"start":{"line":17,"column":52},"end":{"line":17,"column":119}},{"start":{"line":18,"column":11},"end":{"line":18,"column":44}}],"line":17}},"s":{"0":3,"1":47,"2":128},"f":{"0":47,"1":128},"b":{"0":[47,32],"1":[32,96]},"_coverageSchema":"1a1c01bbd47fc00a2c39e90264f33305004495a9","hash":"40a1945e8748bff433629e18ad0f9a310a7c1694"}
,"/Users/franklinakpu/Documents/react-native/LanguageLearning/src/screens/Quiz/index.ts": {"path":"/Users/franklinakpu/Documents/react-native/LanguageLearning/src/screens/Quiz/index.ts","statementMap":{},"fnMap":{},"branchMap":{},"s":{},"f":{},"b":{},"_coverageSchema":"1a1c01bbd47fc00a2c39e90264f33305004495a9","hash":"c172c05fd8a366a599763eaaca9a1a1a464a0229"}
,"/Users/franklinakpu/Documents/react-native/LanguageLearning/src/screens/Quiz/styles.tsx": {"path":"/Users/franklinakpu/Documents/react-native/LanguageLearning/src/screens/Quiz/styles.tsx","statementMap":{"0":{"start":{"line":6,"column":30},"end":{"line":73,"column":2}}},"fnMap":{},"branchMap":{},"s":{"0":3},"f":{},"b":{},"_coverageSchema":"1a1c01bbd47fc00a2c39e90264f33305004495a9","hash":"fbe31f33754fe770427b4c5e13a524886b71c93e"}
,"/Users/franklinakpu/Documents/react-native/LanguageLearning/src/theme/colors.ts": {"path":"/Users/franklinakpu/Documents/react-native/LanguageLearning/src/theme/colors.ts","statementMap":{"0":{"start":{"line":1,"column":22},"end":{"line":14,"column":1}}},"fnMap":{},"branchMap":{},"s":{"0":3},"f":{},"b":{},"_coverageSchema":"1a1c01bbd47fc00a2c39e90264f33305004495a9","hash":"b605b509cef541f1dc78194eea6303ec6f813c06"}
}
